Nov 24, 2013 9:47:55 AM main.SampleWSRegistryClient initialize
SEVERE: Failed to initiate WSRegistry Service client. Error occurred while logging in
org.wso2.carbon.registry.core.exceptions.RegistryException: Failed to initiate WSRegistry Service client. Error occurred while logging in
	at org.wso2.carbon.registry.ws.client.registry.WSRegistryServiceClient.<init>(WSRegistryServiceClient.java:134)
	at main.SampleWSRegistryClient.initialize(SampleWSRegistryClient.java:67)
	at main.SampleWSRegistryClient.Put(SampleWSRegistryClient.java:80)
	at main.TravelApp.doTransaction(TravelApp.java:83)
	at main.TravelApp.main(TravelApp.java:59)
Caused by: org.wso2.carbon.core.common.AuthenticationException: Error occurred while logging in
	at org.wso2.carbon.registry.ws.client.registry.WSRegistryServiceClient.authenticate(WSRegistryServiceClient.java:185)
	at org.wso2.carbon.registry.ws.client.registry.WSRegistryServiceClient.<init>(WSRegistryServiceClient.java:118)
	... 4 more
Caused by: org.apache.axis2.AxisFault: Connection refused
	at org.apache.axis2.AxisFault.makeFault(AxisFault.java:430)
	at org.apache.axis2.transport.http.HTTPSender.sendViaPost(HTTPSender.java:197)
	at org.apache.axis2.transport.http.HTTPSender.send(HTTPSender.java:75)
	at org.apache.axis2.transport.http.CommonsHTTPTransportSender.writeMessageWithCommons(CommonsHTTPTransportSender.java:450)
	at org.apache.axis2.transport.http.CommonsHTTPTransportSender.invoke(CommonsHTTPTransportSender.java:277)
	at org.apache.axis2.engine.AxisEngine.send(AxisEngine.java:442)
	at org.apache.axis2.description.OutInAxisOperationClient.send(OutInAxisOperation.java:398)
	at org.apache.axis2.description.OutInAxisOperationClient.executeImpl(OutInAxisOperation.java:224)
	at org.apache.axis2.client.OperationClient.execute(OperationClient.java:149)
	at org.wso2.carbon.authenticator.stub.AuthenticationAdminStub.login(AuthenticationAdminStub.java:659)
	at org.wso2.carbon.registry.ws.client.registry.WSRegistryServiceClient.authenticate(WSRegistryServiceClient.java:177)
	... 5 more
Caused by: java.net.ConnectException: Connection refused
	at java.net.PlainSocketImpl.socketConnect(Native Method)
	at java.net.AbstractPlainSocketImpl.doConnect(AbstractPlainSocketImpl.java:339)
	at java.net.AbstractPlainSocketImpl.connectToAddress(AbstractPlainSocketImpl.java:200)
	at java.net.AbstractPlainSocketImpl.connect(AbstractPlainSocketImpl.java:182)
	at java.net.SocksSocketImpl.connect(SocksSocketImpl.java:392)
	at java.net.Socket.connect(Socket.java:579)
	at sun.security.ssl.SSLSocketImpl.connect(SSLSocketImpl.java:618)
	at sun.reflect.NativeMethodAccessorImpl.invoke0(Native Method)
	at sun.reflect.NativeMethodAccessorImpl.invoke(NativeMethodAccessorImpl.java:57)
	at sun.reflect.DelegatingMethodAccessorImpl.invoke(DelegatingMethodAccessorImpl.java:43)
	at java.lang.reflect.Method.invoke(Method.java:606)
	at org.apache.commons.httpclient.protocol.ReflectionSocketFactory.createSocket(ReflectionSocketFactory.java:140)
	at org.apache.commons.httpclient.protocol.SSLProtocolSocketFactory.createSocket(SSLProtocolSocketFactory.java:130)
	at org.apache.commons.httpclient.HttpConnection.open(HttpConnection.java:707)
	at org.apache.commons.httpclient.MultiThreadedHttpConnectionManager$HttpConnectionAdapter.open(MultiThreadedHttpConnectionManager.java:1361)
	at org.apache.commons.httpclient.HttpMethodDirector.executeWithRetry(HttpMethodDirector.java:387)
	at org.apache.commons.httpclient.HttpMethodDirector.executeMethod(HttpMethodDirector.java:171)
	at org.apache.commons.httpclient.HttpClient.executeMethod(HttpClient.java:397)
	at org.apache.axis2.transport.http.AbstractHTTPSender.executeMethod(AbstractHTTPSender.java:621)
	at org.apache.axis2.transport.http.HTTPSender.sendViaPost(HTTPSender.java:193)
	... 14 more

Nov 24, 2013 9:47:58 AM main.SampleWSRegistryClient initialize
SEVERE: Failed to initiate WSRegistry Service client. Error occurred while logging in
org.wso2.carbon.registry.core.exceptions.RegistryException: Failed to initiate WSRegistry Service client. Error occurred while logging in
	at org.wso2.carbon.registry.ws.client.registry.WSRegistryServiceClient.<init>(WSRegistryServiceClient.java:134)
	at main.SampleWSRegistryClient.initialize(SampleWSRegistryClient.java:67)
	at main.SampleWSRegistryClient.Put(SampleWSRegistryClient.java:80)
	at main.TravelApp.doTransaction(TravelApp.java:83)
	at main.TravelApp.main(TravelApp.java:59)
Caused by: org.wso2.carbon.core.common.AuthenticationException: Error occurred while logging in
	at org.wso2.carbon.registry.ws.client.registry.WSRegistryServiceClient.authenticate(WSRegistryServiceClient.java:185)
	at org.wso2.carbon.registry.ws.client.registry.WSRegistryServiceClient.<init>(WSRegistryServiceClient.java:118)
	... 4 more
Caused by: org.apache.axis2.AxisFault: Connection refused
	at org.apache.axis2.AxisFault.makeFault(AxisFault.java:430)
	at org.apache.axis2.transport.http.HTTPSender.sendViaPost(HTTPSender.java:197)
	at org.apache.axis2.transport.http.HTTPSender.send(HTTPSender.java:75)
	at org.apache.axis2.transport.http.CommonsHTTPTransportSender.writeMessageWithCommons(CommonsHTTPTransportSender.java:450)
	at org.apache.axis2.transport.http.CommonsHTTPTransportSender.invoke(CommonsHTTPTransportSender.java:277)
	at org.apache.axis2.engine.AxisEngine.send(AxisEngine.java:442)
	at org.apache.axis2.description.OutInAxisOperationClient.send(OutInAxisOperation.java:398)
	at org.apache.axis2.description.OutInAxisOperationClient.executeImpl(OutInAxisOperation.java:224)
	at org.apache.axis2.client.OperationClient.execute(OperationClient.java:149)
	at org.wso2.carbon.authenticator.stub.AuthenticationAdminStub.login(AuthenticationAdminStub.java:659)
	at org.wso2.carbon.registry.ws.client.registry.WSRegistryServiceClient.authenticate(WSRegistryServiceClient.java:177)
	... 5 more
Caused by: java.net.ConnectException: Connection refused
	at java.net.PlainSocketImpl.socketConnect(Native Method)
	at java.net.AbstractPlainSocketImpl.doConnect(AbstractPlainSocketImpl.java:339)
	at java.net.AbstractPlainSocketImpl.connectToAddress(AbstractPlainSocketImpl.java:200)
	at java.net.AbstractPlainSocketImpl.connect(AbstractPlainSocketImpl.java:182)
	at java.net.SocksSocketImpl.connect(SocksSocketImpl.java:392)
	at java.net.Socket.connect(Socket.java:579)
	at sun.security.ssl.SSLSocketImpl.connect(SSLSocketImpl.java:618)
	at sun.reflect.NativeMethodAccessorImpl.invoke0(Native Method)
	at sun.reflect.NativeMethodAccessorImpl.invoke(NativeMethodAccessorImpl.java:57)
	at sun.reflect.DelegatingMethodAccessorImpl.invoke(DelegatingMethodAccessorImpl.java:43)
	at java.lang.reflect.Method.invoke(Method.java:606)
	at org.apache.commons.httpclient.protocol.ReflectionSocketFactory.createSocket(ReflectionSocketFactory.java:140)
	at org.apache.commons.httpclient.protocol.SSLProtocolSocketFactory.createSocket(SSLProtocolSocketFactory.java:130)
	at org.apache.commons.httpclient.HttpConnection.open(HttpConnection.java:707)
	at org.apache.commons.httpclient.MultiThreadedHttpConnectionManager$HttpConnectionAdapter.open(MultiThreadedHttpConnectionManager.java:1361)
	at org.apache.commons.httpclient.HttpMethodDirector.executeWithRetry(HttpMethodDirector.java:387)
	at org.apache.commons.httpclient.HttpMethodDirector.executeMethod(HttpMethodDirector.java:171)
	at org.apache.commons.httpclient.HttpClient.executeMethod(HttpClient.java:397)
	at org.apache.axis2.transport.http.AbstractHTTPSender.executeMethod(AbstractHTTPSender.java:621)
	at org.apache.axis2.transport.http.HTTPSender.sendViaPost(HTTPSender.java:193)
	... 14 more

Nov 24, 2013 9:48:00 AM main.SampleWSRegistryClient initialize
SEVERE: Failed to initiate WSRegistry Service client. Error occurred while logging in
org.wso2.carbon.registry.core.exceptions.RegistryException: Failed to initiate WSRegistry Service client. Error occurred while logging in
	at org.wso2.carbon.registry.ws.client.registry.WSRegistryServiceClient.<init>(WSRegistryServiceClient.java:134)
	at main.SampleWSRegistryClient.initialize(SampleWSRegistryClient.java:67)
	at main.SampleWSRegistryClient.Put(SampleWSRegistryClient.java:80)
	at main.TravelApp.doTransaction(TravelApp.java:83)
	at main.TravelApp.main(TravelApp.java:59)
Caused by: org.wso2.carbon.core.common.AuthenticationException: Error occurred while logging in
	at org.wso2.carbon.registry.ws.client.registry.WSRegistryServiceClient.authenticate(WSRegistryServiceClient.java:185)
	at org.wso2.carbon.registry.ws.client.registry.WSRegistryServiceClient.<init>(WSRegistryServiceClient.java:118)
	... 4 more
Caused by: org.apache.axis2.AxisFault: Connection refused
	at org.apache.axis2.AxisFault.makeFault(AxisFault.java:430)
	at org.apache.axis2.transport.http.HTTPSender.sendViaPost(HTTPSender.java:197)
	at org.apache.axis2.transport.http.HTTPSender.send(HTTPSender.java:75)
	at org.apache.axis2.transport.http.CommonsHTTPTransportSender.writeMessageWithCommons(CommonsHTTPTransportSender.java:450)
	at org.apache.axis2.transport.http.CommonsHTTPTransportSender.invoke(CommonsHTTPTransportSender.java:277)
	at org.apache.axis2.engine.AxisEngine.send(AxisEngine.java:442)
	at org.apache.axis2.description.OutInAxisOperationClient.send(OutInAxisOperation.java:398)
	at org.apache.axis2.description.OutInAxisOperationClient.executeImpl(OutInAxisOperation.java:224)
	at org.apache.axis2.client.OperationClient.execute(OperationClient.java:149)
	at org.wso2.carbon.authenticator.stub.AuthenticationAdminStub.login(AuthenticationAdminStub.java:659)
	at org.wso2.carbon.registry.ws.client.registry.WSRegistryServiceClient.authenticate(WSRegistryServiceClient.java:177)
	... 5 more
Caused by: java.net.ConnectException: Connection refused
	at java.net.PlainSocketImpl.socketConnect(Native Method)
	at java.net.AbstractPlainSocketImpl.doConnect(AbstractPlainSocketImpl.java:339)
	at java.net.AbstractPlainSocketImpl.connectToAddress(AbstractPlainSocketImpl.java:200)
	at java.net.AbstractPlainSocketImpl.connect(AbstractPlainSocketImpl.java:182)
	at java.net.SocksSocketImpl.connect(SocksSocketImpl.java:392)
	at java.net.Socket.connect(Socket.java:579)
	at sun.security.ssl.SSLSocketImpl.connect(SSLSocketImpl.java:618)
	at sun.reflect.NativeMethodAccessorImpl.invoke0(Native Method)
	at sun.reflect.NativeMethodAccessorImpl.invoke(NativeMethodAccessorImpl.java:57)
	at sun.reflect.DelegatingMethodAccessorImpl.invoke(DelegatingMethodAccessorImpl.java:43)
	at java.lang.reflect.Method.invoke(Method.java:606)
	at org.apache.commons.httpclient.protocol.ReflectionSocketFactory.createSocket(ReflectionSocketFactory.java:140)
	at org.apache.commons.httpclient.protocol.SSLProtocolSocketFactory.createSocket(SSLProtocolSocketFactory.java:130)
	at org.apache.commons.httpclient.HttpConnection.open(HttpConnection.java:707)
	at org.apache.commons.httpclient.MultiThreadedHttpConnectionManager$HttpConnectionAdapter.open(MultiThreadedHttpConnectionManager.java:1361)
	at org.apache.commons.httpclient.HttpMethodDirector.executeWithRetry(HttpMethodDirector.java:387)
	at org.apache.commons.httpclient.HttpMethodDirector.executeMethod(HttpMethodDirector.java:171)
	at org.apache.commons.httpclient.HttpClient.executeMethod(HttpClient.java:397)
	at org.apache.axis2.transport.http.AbstractHTTPSender.executeMethod(AbstractHTTPSender.java:621)
	at org.apache.axis2.transport.http.HTTPSender.sendViaPost(HTTPSender.java:193)
	... 14 more

Nov 24, 2013 9:48:02 AM main.SampleWSRegistryClient initialize
SEVERE: Failed to initiate WSRegistry Service client. Error occurred while logging in
org.wso2.carbon.registry.core.exceptions.RegistryException: Failed to initiate WSRegistry Service client. Error occurred while logging in
	at org.wso2.carbon.registry.ws.client.registry.WSRegistryServiceClient.<init>(WSRegistryServiceClient.java:134)
	at main.SampleWSRegistryClient.initialize(SampleWSRegistryClient.java:67)
	at main.SampleWSRegistryClient.Put(SampleWSRegistryClient.java:80)
	at main.TravelApp.doTransaction(TravelApp.java:83)
	at main.TravelApp.main(TravelApp.java:59)
Caused by: org.wso2.carbon.core.common.AuthenticationException: Error occurred while logging in
	at org.wso2.carbon.registry.ws.client.registry.WSRegistryServiceClient.authenticate(WSRegistryServiceClient.java:185)
	at org.wso2.carbon.registry.ws.client.registry.WSRegistryServiceClient.<init>(WSRegistryServiceClient.java:118)
	... 4 more
Caused by: org.apache.axis2.AxisFault: Connection refused
	at org.apache.axis2.AxisFault.makeFault(AxisFault.java:430)
	at org.apache.axis2.transport.http.HTTPSender.sendViaPost(HTTPSender.java:197)
	at org.apache.axis2.transport.http.HTTPSender.send(HTTPSender.java:75)
	at org.apache.axis2.transport.http.CommonsHTTPTransportSender.writeMessageWithCommons(CommonsHTTPTransportSender.java:450)
	at org.apache.axis2.transport.http.CommonsHTTPTransportSender.invoke(CommonsHTTPTransportSender.java:277)
	at org.apache.axis2.engine.AxisEngine.send(AxisEngine.java:442)
	at org.apache.axis2.description.OutInAxisOperationClient.send(OutInAxisOperation.java:398)
	at org.apache.axis2.description.OutInAxisOperationClient.executeImpl(OutInAxisOperation.java:224)
	at org.apache.axis2.client.OperationClient.execute(OperationClient.java:149)
	at org.wso2.carbon.authenticator.stub.AuthenticationAdminStub.login(AuthenticationAdminStub.java:659)
	at org.wso2.carbon.registry.ws.client.registry.WSRegistryServiceClient.authenticate(WSRegistryServiceClient.java:177)
	... 5 more
Caused by: java.net.ConnectException: Connection refused
	at java.net.PlainSocketImpl.socketConnect(Native Method)
	at java.net.AbstractPlainSocketImpl.doConnect(AbstractPlainSocketImpl.java:339)
	at java.net.AbstractPlainSocketImpl.connectToAddress(AbstractPlainSocketImpl.java:200)
	at java.net.AbstractPlainSocketImpl.connect(AbstractPlainSocketImpl.java:182)
	at java.net.SocksSocketImpl.connect(SocksSocketImpl.java:392)
	at java.net.Socket.connect(Socket.java:579)
	at sun.security.ssl.SSLSocketImpl.connect(SSLSocketImpl.java:618)
	at sun.reflect.GeneratedMethodAccessor5.invoke(Unknown Source)
	at sun.reflect.DelegatingMethodAccessorImpl.invoke(DelegatingMethodAccessorImpl.java:43)
	at java.lang.reflect.Method.invoke(Method.java:606)
	at org.apache.commons.httpclient.protocol.ReflectionSocketFactory.createSocket(ReflectionSocketFactory.java:140)
	at org.apache.commons.httpclient.protocol.SSLProtocolSocketFactory.createSocket(SSLProtocolSocketFactory.java:130)
	at org.apache.commons.httpclient.HttpConnection.open(HttpConnection.java:707)
	at org.apache.commons.httpclient.MultiThreadedHttpConnectionManager$HttpConnectionAdapter.open(MultiThreadedHttpConnectionManager.java:1361)
	at org.apache.commons.httpclient.HttpMethodDirector.executeWithRetry(HttpMethodDirector.java:387)
	at org.apache.commons.httpclient.HttpMethodDirector.executeMethod(HttpMethodDirector.java:171)
	at org.apache.commons.httpclient.HttpClient.executeMethod(HttpClient.java:397)
	at org.apache.axis2.transport.http.AbstractHTTPSender.executeMethod(AbstractHTTPSender.java:621)
	at org.apache.axis2.transport.http.HTTPSender.sendViaPost(HTTPSender.java:193)
	... 14 more

Nov 24, 2013 9:48:05 AM main.SampleWSRegistryClient initialize
SEVERE: Failed to initiate WSRegistry Service client. Error occurred while logging in
org.wso2.carbon.registry.core.exceptions.RegistryException: Failed to initiate WSRegistry Service client. Error occurred while logging in
	at org.wso2.carbon.registry.ws.client.registry.WSRegistryServiceClient.<init>(WSRegistryServiceClient.java:134)
	at main.SampleWSRegistryClient.initialize(SampleWSRegistryClient.java:67)
	at main.SampleWSRegistryClient.Put(SampleWSRegistryClient.java:80)
	at main.TravelApp.doTransaction(TravelApp.java:83)
	at main.TravelApp.main(TravelApp.java:59)
Caused by: org.wso2.carbon.core.common.AuthenticationException: Error occurred while logging in
	at org.wso2.carbon.registry.ws.client.registry.WSRegistryServiceClient.authenticate(WSRegistryServiceClient.java:185)
	at org.wso2.carbon.registry.ws.client.registry.WSRegistryServiceClient.<init>(WSRegistryServiceClient.java:118)
	... 4 more
Caused by: org.apache.axis2.AxisFault: Connection refused
	at org.apache.axis2.AxisFault.makeFault(AxisFault.java:430)
	at org.apache.axis2.transport.http.HTTPSender.sendViaPost(HTTPSender.java:197)
	at org.apache.axis2.transport.http.HTTPSender.send(HTTPSender.java:75)
	at org.apache.axis2.transport.http.CommonsHTTPTransportSender.writeMessageWithCommons(CommonsHTTPTransportSender.java:450)
	at org.apache.axis2.transport.http.CommonsHTTPTransportSender.invoke(CommonsHTTPTransportSender.java:277)
	at org.apache.axis2.engine.AxisEngine.send(AxisEngine.java:442)
	at org.apache.axis2.description.OutInAxisOperationClient.send(OutInAxisOperation.java:398)
	at org.apache.axis2.description.OutInAxisOperationClient.executeImpl(OutInAxisOperation.java:224)
	at org.apache.axis2.client.OperationClient.execute(OperationClient.java:149)
	at org.wso2.carbon.authenticator.stub.AuthenticationAdminStub.login(AuthenticationAdminStub.java:659)
	at org.wso2.carbon.registry.ws.client.registry.WSRegistryServiceClient.authenticate(WSRegistryServiceClient.java:177)
	... 5 more
Caused by: java.net.ConnectException: Connection refused
	at java.net.PlainSocketImpl.socketConnect(Native Method)
	at java.net.AbstractPlainSocketImpl.doConnect(AbstractPlainSocketImpl.java:339)
	at java.net.AbstractPlainSocketImpl.connectToAddress(AbstractPlainSocketImpl.java:200)
	at java.net.AbstractPlainSocketImpl.connect(AbstractPlainSocketImpl.java:182)
	at java.net.SocksSocketImpl.connect(SocksSocketImpl.java:392)
	at java.net.Socket.connect(Socket.java:579)
	at sun.security.ssl.SSLSocketImpl.connect(SSLSocketImpl.java:618)
	at sun.reflect.GeneratedMethodAccessor5.invoke(Unknown Source)
	at sun.reflect.DelegatingMethodAccessorImpl.invoke(DelegatingMethodAccessorImpl.java:43)
	at java.lang.reflect.Method.invoke(Method.java:606)
	at org.apache.commons.httpclient.protocol.ReflectionSocketFactory.createSocket(ReflectionSocketFactory.java:140)
	at org.apache.commons.httpclient.protocol.SSLProtocolSocketFactory.createSocket(SSLProtocolSocketFactory.java:130)
	at org.apache.commons.httpclient.HttpConnection.open(HttpConnection.java:707)
	at org.apache.commons.httpclient.MultiThreadedHttpConnectionManager$HttpConnectionAdapter.open(MultiThreadedHttpConnectionManager.java:1361)
	at org.apache.commons.httpclient.HttpMethodDirector.executeWithRetry(HttpMethodDirector.java:387)
	at org.apache.commons.httpclient.HttpMethodDirector.executeMethod(HttpMethodDirector.java:171)
	at org.apache.commons.httpclient.HttpClient.executeMethod(HttpClient.java:397)
	at org.apache.axis2.transport.http.AbstractHTTPSender.executeMethod(AbstractHTTPSender.java:621)
	at org.apache.axis2.transport.http.HTTPSender.sendViaPost(HTTPSender.java:193)
	... 14 more

Nov 24, 2013 9:48:07 AM main.SampleWSRegistryClient initialize
SEVERE: Failed to initiate WSRegistry Service client. Error occurred while logging in
org.wso2.carbon.registry.core.exceptions.RegistryException: Failed to initiate WSRegistry Service client. Error occurred while logging in
	at org.wso2.carbon.registry.ws.client.registry.WSRegistryServiceClient.<init>(WSRegistryServiceClient.java:134)
	at main.SampleWSRegistryClient.initialize(SampleWSRegistryClient.java:67)
	at main.SampleWSRegistryClient.Put(SampleWSRegistryClient.java:80)
	at main.TravelApp.doTransaction(TravelApp.java:83)
	at main.TravelApp.main(TravelApp.java:59)
Caused by: org.wso2.carbon.core.common.AuthenticationException: Error occurred while logging in
	at org.wso2.carbon.registry.ws.client.registry.WSRegistryServiceClient.authenticate(WSRegistryServiceClient.java:185)
	at org.wso2.carbon.registry.ws.client.registry.WSRegistryServiceClient.<init>(WSRegistryServiceClient.java:118)
	... 4 more
Caused by: org.apache.axis2.AxisFault: Connection refused
	at org.apache.axis2.AxisFault.makeFault(AxisFault.java:430)
	at org.apache.axis2.transport.http.HTTPSender.sendViaPost(HTTPSender.java:197)
	at org.apache.axis2.transport.http.HTTPSender.send(HTTPSender.java:75)
	at org.apache.axis2.transport.http.CommonsHTTPTransportSender.writeMessageWithCommons(CommonsHTTPTransportSender.java:450)
	at org.apache.axis2.transport.http.CommonsHTTPTransportSender.invoke(CommonsHTTPTransportSender.java:277)
	at org.apache.axis2.engine.AxisEngine.send(AxisEngine.java:442)
	at org.apache.axis2.description.OutInAxisOperationClient.send(OutInAxisOperation.java:398)
	at org.apache.axis2.description.OutInAxisOperationClient.executeImpl(OutInAxisOperation.java:224)
	at org.apache.axis2.client.OperationClient.execute(OperationClient.java:149)
	at org.wso2.carbon.authenticator.stub.AuthenticationAdminStub.login(AuthenticationAdminStub.java:659)
	at org.wso2.carbon.registry.ws.client.registry.WSRegistryServiceClient.authenticate(WSRegistryServiceClient.java:177)
	... 5 more
Caused by: java.net.ConnectException: Connection refused
	at java.net.PlainSocketImpl.socketConnect(Native Method)
	at java.net.AbstractPlainSocketImpl.doConnect(AbstractPlainSocketImpl.java:339)
	at java.net.AbstractPlainSocketImpl.connectToAddress(AbstractPlainSocketImpl.java:200)
	at java.net.AbstractPlainSocketImpl.connect(AbstractPlainSocketImpl.java:182)
	at java.net.SocksSocketImpl.connect(SocksSocketImpl.java:392)
	at java.net.Socket.connect(Socket.java:579)
	at sun.security.ssl.SSLSocketImpl.connect(SSLSocketImpl.java:618)
	at sun.reflect.GeneratedMethodAccessor5.invoke(Unknown Source)
	at sun.reflect.DelegatingMethodAccessorImpl.invoke(DelegatingMethodAccessorImpl.java:43)
	at java.lang.reflect.Method.invoke(Method.java:606)
	at org.apache.commons.httpclient.protocol.ReflectionSocketFactory.createSocket(ReflectionSocketFactory.java:140)
	at org.apache.commons.httpclient.protocol.SSLProtocolSocketFactory.createSocket(SSLProtocolSocketFactory.java:130)
	at org.apache.commons.httpclient.HttpConnection.open(HttpConnection.java:707)
	at org.apache.commons.httpclient.MultiThreadedHttpConnectionManager$HttpConnectionAdapter.open(MultiThreadedHttpConnectionManager.java:1361)
	at org.apache.commons.httpclient.HttpMethodDirector.executeWithRetry(HttpMethodDirector.java:387)
	at org.apache.commons.httpclient.HttpMethodDirector.executeMethod(HttpMethodDirector.java:171)
	at org.apache.commons.httpclient.HttpClient.executeMethod(HttpClient.java:397)
	at org.apache.axis2.transport.http.AbstractHTTPSender.executeMethod(AbstractHTTPSender.java:621)
	at org.apache.axis2.transport.http.HTTPSender.sendViaPost(HTTPSender.java:193)
	... 14 more

Nov 24, 2013 9:48:10 AM main.SampleWSRegistryClient initialize
SEVERE: Failed to initiate WSRegistry Service client. Error occurred while logging in
org.wso2.carbon.registry.core.exceptions.RegistryException: Failed to initiate WSRegistry Service client. Error occurred while logging in
	at org.wso2.carbon.registry.ws.client.registry.WSRegistryServiceClient.<init>(WSRegistryServiceClient.java:134)
	at main.SampleWSRegistryClient.initialize(SampleWSRegistryClient.java:67)
	at main.SampleWSRegistryClient.Put(SampleWSRegistryClient.java:80)
	at main.TravelApp.doTransaction(TravelApp.java:83)
	at main.TravelApp.main(TravelApp.java:59)
Caused by: org.wso2.carbon.core.common.AuthenticationException: Error occurred while logging in
	at org.wso2.carbon.registry.ws.client.registry.WSRegistryServiceClient.authenticate(WSRegistryServiceClient.java:185)
	at org.wso2.carbon.registry.ws.client.registry.WSRegistryServiceClient.<init>(WSRegistryServiceClient.java:118)
	... 4 more
Caused by: org.apache.axis2.AxisFault: Connection refused
	at org.apache.axis2.AxisFault.makeFault(AxisFault.java:430)
	at org.apache.axis2.transport.http.HTTPSender.sendViaPost(HTTPSender.java:197)
	at org.apache.axis2.transport.http.HTTPSender.send(HTTPSender.java:75)
	at org.apache.axis2.transport.http.CommonsHTTPTransportSender.writeMessageWithCommons(CommonsHTTPTransportSender.java:450)
	at org.apache.axis2.transport.http.CommonsHTTPTransportSender.invoke(CommonsHTTPTransportSender.java:277)
	at org.apache.axis2.engine.AxisEngine.send(AxisEngine.java:442)
	at org.apache.axis2.description.OutInAxisOperationClient.send(OutInAxisOperation.java:398)
	at org.apache.axis2.description.OutInAxisOperationClient.executeImpl(OutInAxisOperation.java:224)
	at org.apache.axis2.client.OperationClient.execute(OperationClient.java:149)
	at org.wso2.carbon.authenticator.stub.AuthenticationAdminStub.login(AuthenticationAdminStub.java:659)
	at org.wso2.carbon.registry.ws.client.registry.WSRegistryServiceClient.authenticate(WSRegistryServiceClient.java:177)
	... 5 more
Caused by: java.net.ConnectException: Connection refused
	at java.net.PlainSocketImpl.socketConnect(Native Method)
	at java.net.AbstractPlainSocketImpl.doConnect(AbstractPlainSocketImpl.java:339)
	at java.net.AbstractPlainSocketImpl.connectToAddress(AbstractPlainSocketImpl.java:200)
	at java.net.AbstractPlainSocketImpl.connect(AbstractPlainSocketImpl.java:182)
	at java.net.SocksSocketImpl.connect(SocksSocketImpl.java:392)
	at java.net.Socket.connect(Socket.java:579)
	at sun.security.ssl.SSLSocketImpl.connect(SSLSocketImpl.java:618)
	at sun.reflect.GeneratedMethodAccessor5.invoke(Unknown Source)
	at sun.reflect.DelegatingMethodAccessorImpl.invoke(DelegatingMethodAccessorImpl.java:43)
	at java.lang.reflect.Method.invoke(Method.java:606)
	at org.apache.commons.httpclient.protocol.ReflectionSocketFactory.createSocket(ReflectionSocketFactory.java:140)
	at org.apache.commons.httpclient.protocol.SSLProtocolSocketFactory.createSocket(SSLProtocolSocketFactory.java:130)
	at org.apache.commons.httpclient.HttpConnection.open(HttpConnection.java:707)
	at org.apache.commons.httpclient.MultiThreadedHttpConnectionManager$HttpConnectionAdapter.open(MultiThreadedHttpConnectionManager.java:1361)
	at org.apache.commons.httpclient.HttpMethodDirector.executeWithRetry(HttpMethodDirector.java:387)
	at org.apache.commons.httpclient.HttpMethodDirector.executeMethod(HttpMethodDirector.java:171)
	at org.apache.commons.httpclient.HttpClient.executeMethod(HttpClient.java:397)
	at org.apache.axis2.transport.http.AbstractHTTPSender.executeMethod(AbstractHTTPSender.java:621)
	at org.apache.axis2.transport.http.HTTPSender.sendViaPost(HTTPSender.java:193)
	... 14 more

Nov 24, 2013 9:48:12 AM main.SampleWSRegistryClient initialize
SEVERE: Failed to initiate WSRegistry Service client. Error occurred while logging in
org.wso2.carbon.registry.core.exceptions.RegistryException: Failed to initiate WSRegistry Service client. Error occurred while logging in
	at org.wso2.carbon.registry.ws.client.registry.WSRegistryServiceClient.<init>(WSRegistryServiceClient.java:134)
	at main.SampleWSRegistryClient.initialize(SampleWSRegistryClient.java:67)
	at main.SampleWSRegistryClient.Put(SampleWSRegistryClient.java:80)
	at main.TravelApp.doTransaction(TravelApp.java:83)
	at main.TravelApp.main(TravelApp.java:59)
Caused by: org.wso2.carbon.core.common.AuthenticationException: Error occurred while logging in
	at org.wso2.carbon.registry.ws.client.registry.WSRegistryServiceClient.authenticate(WSRegistryServiceClient.java:185)
	at org.wso2.carbon.registry.ws.client.registry.WSRegistryServiceClient.<init>(WSRegistryServiceClient.java:118)
	... 4 more
Caused by: org.apache.axis2.AxisFault: Connection refused
	at org.apache.axis2.AxisFault.makeFault(AxisFault.java:430)
	at org.apache.axis2.transport.http.HTTPSender.sendViaPost(HTTPSender.java:197)
	at org.apache.axis2.transport.http.HTTPSender.send(HTTPSender.java:75)
	at org.apache.axis2.transport.http.CommonsHTTPTransportSender.writeMessageWithCommons(CommonsHTTPTransportSender.java:450)
	at org.apache.axis2.transport.http.CommonsHTTPTransportSender.invoke(CommonsHTTPTransportSender.java:277)
	at org.apache.axis2.engine.AxisEngine.send(AxisEngine.java:442)
	at org.apache.axis2.description.OutInAxisOperationClient.send(OutInAxisOperation.java:398)
	at org.apache.axis2.description.OutInAxisOperationClient.executeImpl(OutInAxisOperation.java:224)
	at org.apache.axis2.client.OperationClient.execute(OperationClient.java:149)
	at org.wso2.carbon.authenticator.stub.AuthenticationAdminStub.login(AuthenticationAdminStub.java:659)
	at org.wso2.carbon.registry.ws.client.registry.WSRegistryServiceClient.authenticate(WSRegistryServiceClient.java:177)
	... 5 more
Caused by: java.net.ConnectException: Connection refused
	at java.net.PlainSocketImpl.socketConnect(Native Method)
	at java.net.AbstractPlainSocketImpl.doConnect(AbstractPlainSocketImpl.java:339)
	at java.net.AbstractPlainSocketImpl.connectToAddress(AbstractPlainSocketImpl.java:200)
	at java.net.AbstractPlainSocketImpl.connect(AbstractPlainSocketImpl.java:182)
	at java.net.SocksSocketImpl.connect(SocksSocketImpl.java:392)
	at java.net.Socket.connect(Socket.java:579)
	at sun.security.ssl.SSLSocketImpl.connect(SSLSocketImpl.java:618)
	at sun.reflect.GeneratedMethodAccessor5.invoke(Unknown Source)
	at sun.reflect.DelegatingMethodAccessorImpl.invoke(DelegatingMethodAccessorImpl.java:43)
	at java.lang.reflect.Method.invoke(Method.java:606)
	at org.apache.commons.httpclient.protocol.ReflectionSocketFactory.createSocket(ReflectionSocketFactory.java:140)
	at org.apache.commons.httpclient.protocol.SSLProtocolSocketFactory.createSocket(SSLProtocolSocketFactory.java:130)
	at org.apache.commons.httpclient.HttpConnection.open(HttpConnection.java:707)
	at org.apache.commons.httpclient.MultiThreadedHttpConnectionManager$HttpConnectionAdapter.open(MultiThreadedHttpConnectionManager.java:1361)
	at org.apache.commons.httpclient.HttpMethodDirector.executeWithRetry(HttpMethodDirector.java:387)
	at org.apache.commons.httpclient.HttpMethodDirector.executeMethod(HttpMethodDirector.java:171)
	at org.apache.commons.httpclient.HttpClient.executeMethod(HttpClient.java:397)
	at org.apache.axis2.transport.http.AbstractHTTPSender.executeMethod(AbstractHTTPSender.java:621)
	at org.apache.axis2.transport.http.HTTPSender.sendViaPost(HTTPSender.java:193)
	... 14 more

Nov 24, 2013 9:48:14 AM main.SampleWSRegistryClient initialize
SEVERE: Failed to initiate WSRegistry Service client. Error occurred while logging in
org.wso2.carbon.registry.core.exceptions.RegistryException: Failed to initiate WSRegistry Service client. Error occurred while logging in
	at org.wso2.carbon.registry.ws.client.registry.WSRegistryServiceClient.<init>(WSRegistryServiceClient.java:134)
	at main.SampleWSRegistryClient.initialize(SampleWSRegistryClient.java:67)
	at main.SampleWSRegistryClient.Put(SampleWSRegistryClient.java:80)
	at main.TravelApp.doTransaction(TravelApp.java:83)
	at main.TravelApp.main(TravelApp.java:59)
Caused by: org.wso2.carbon.core.common.AuthenticationException: Error occurred while logging in
	at org.wso2.carbon.registry.ws.client.registry.WSRegistryServiceClient.authenticate(WSRegistryServiceClient.java:185)
	at org.wso2.carbon.registry.ws.client.registry.WSRegistryServiceClient.<init>(WSRegistryServiceClient.java:118)
	... 4 more
Caused by: org.apache.axis2.AxisFault: Connection refused
	at org.apache.axis2.AxisFault.makeFault(AxisFault.java:430)
	at org.apache.axis2.transport.http.HTTPSender.sendViaPost(HTTPSender.java:197)
	at org.apache.axis2.transport.http.HTTPSender.send(HTTPSender.java:75)
	at org.apache.axis2.transport.http.CommonsHTTPTransportSender.writeMessageWithCommons(CommonsHTTPTransportSender.java:450)
	at org.apache.axis2.transport.http.CommonsHTTPTransportSender.invoke(CommonsHTTPTransportSender.java:277)
	at org.apache.axis2.engine.AxisEngine.send(AxisEngine.java:442)
	at org.apache.axis2.description.OutInAxisOperationClient.send(OutInAxisOperation.java:398)
	at org.apache.axis2.description.OutInAxisOperationClient.executeImpl(OutInAxisOperation.java:224)
	at org.apache.axis2.client.OperationClient.execute(OperationClient.java:149)
	at org.wso2.carbon.authenticator.stub.AuthenticationAdminStub.login(AuthenticationAdminStub.java:659)
	at org.wso2.carbon.registry.ws.client.registry.WSRegistryServiceClient.authenticate(WSRegistryServiceClient.java:177)
	... 5 more
Caused by: java.net.ConnectException: Connection refused
	at java.net.PlainSocketImpl.socketConnect(Native Method)
	at java.net.AbstractPlainSocketImpl.doConnect(AbstractPlainSocketImpl.java:339)
	at java.net.AbstractPlainSocketImpl.connectToAddress(AbstractPlainSocketImpl.java:200)
	at java.net.AbstractPlainSocketImpl.connect(AbstractPlainSocketImpl.java:182)
	at java.net.SocksSocketImpl.connect(SocksSocketImpl.java:392)
	at java.net.Socket.connect(Socket.java:579)
	at sun.security.ssl.SSLSocketImpl.connect(SSLSocketImpl.java:618)
	at sun.reflect.GeneratedMethodAccessor5.invoke(Unknown Source)
	at sun.reflect.DelegatingMethodAccessorImpl.invoke(DelegatingMethodAccessorImpl.java:43)
	at java.lang.reflect.Method.invoke(Method.java:606)
	at org.apache.commons.httpclient.protocol.ReflectionSocketFactory.createSocket(ReflectionSocketFactory.java:140)
	at org.apache.commons.httpclient.protocol.SSLProtocolSocketFactory.createSocket(SSLProtocolSocketFactory.java:130)
	at org.apache.commons.httpclient.HttpConnection.open(HttpConnection.java:707)
	at org.apache.commons.httpclient.MultiThreadedHttpConnectionManager$HttpConnectionAdapter.open(MultiThreadedHttpConnectionManager.java:1361)
	at org.apache.commons.httpclient.HttpMethodDirector.executeWithRetry(HttpMethodDirector.java:387)
	at org.apache.commons.httpclient.HttpMethodDirector.executeMethod(HttpMethodDirector.java:171)
	at org.apache.commons.httpclient.HttpClient.executeMethod(HttpClient.java:397)
	at org.apache.axis2.transport.http.AbstractHTTPSender.executeMethod(AbstractHTTPSender.java:621)
	at org.apache.axis2.transport.http.HTTPSender.sendViaPost(HTTPSender.java:193)
	... 14 more

Nov 24, 2013 9:48:16 AM main.SampleWSRegistryClient initialize
SEVERE: Failed to initiate WSRegistry Service client. Error occurred while logging in
org.wso2.carbon.registry.core.exceptions.RegistryException: Failed to initiate WSRegistry Service client. Error occurred while logging in
	at org.wso2.carbon.registry.ws.client.registry.WSRegistryServiceClient.<init>(WSRegistryServiceClient.java:134)
	at main.SampleWSRegistryClient.initialize(SampleWSRegistryClient.java:67)
	at main.SampleWSRegistryClient.Put(SampleWSRegistryClient.java:80)
	at main.TravelApp.doTransaction(TravelApp.java:83)
	at main.TravelApp.main(TravelApp.java:59)
Caused by: org.wso2.carbon.core.common.AuthenticationException: Error occurred while logging in
	at org.wso2.carbon.registry.ws.client.registry.WSRegistryServiceClient.authenticate(WSRegistryServiceClient.java:185)
	at org.wso2.carbon.registry.ws.client.registry.WSRegistryServiceClient.<init>(WSRegistryServiceClient.java:118)
	... 4 more
Caused by: org.apache.axis2.AxisFault: Connection refused
	at org.apache.axis2.AxisFault.makeFault(AxisFault.java:430)
	at org.apache.axis2.transport.http.HTTPSender.sendViaPost(HTTPSender.java:197)
	at org.apache.axis2.transport.http.HTTPSender.send(HTTPSender.java:75)
	at org.apache.axis2.transport.http.CommonsHTTPTransportSender.writeMessageWithCommons(CommonsHTTPTransportSender.java:450)
	at org.apache.axis2.transport.http.CommonsHTTPTransportSender.invoke(CommonsHTTPTransportSender.java:277)
	at org.apache.axis2.engine.AxisEngine.send(AxisEngine.java:442)
	at org.apache.axis2.description.OutInAxisOperationClient.send(OutInAxisOperation.java:398)
	at org.apache.axis2.description.OutInAxisOperationClient.executeImpl(OutInAxisOperation.java:224)
	at org.apache.axis2.client.OperationClient.execute(OperationClient.java:149)
	at org.wso2.carbon.authenticator.stub.AuthenticationAdminStub.login(AuthenticationAdminStub.java:659)
	at org.wso2.carbon.registry.ws.client.registry.WSRegistryServiceClient.authenticate(WSRegistryServiceClient.java:177)
	... 5 more
Caused by: java.net.ConnectException: Connection refused
	at java.net.PlainSocketImpl.socketConnect(Native Method)
	at java.net.AbstractPlainSocketImpl.doConnect(AbstractPlainSocketImpl.java:339)
	at java.net.AbstractPlainSocketImpl.connectToAddress(AbstractPlainSocketImpl.java:200)
	at java.net.AbstractPlainSocketImpl.connect(AbstractPlainSocketImpl.java:182)
	at java.net.SocksSocketImpl.connect(SocksSocketImpl.java:392)
	at java.net.Socket.connect(Socket.java:579)
	at sun.security.ssl.SSLSocketImpl.connect(SSLSocketImpl.java:618)
	at sun.reflect.GeneratedMethodAccessor5.invoke(Unknown Source)
	at sun.reflect.DelegatingMethodAccessorImpl.invoke(DelegatingMethodAccessorImpl.java:43)
	at java.lang.reflect.Method.invoke(Method.java:606)
	at org.apache.commons.httpclient.protocol.ReflectionSocketFactory.createSocket(ReflectionSocketFactory.java:140)
	at org.apache.commons.httpclient.protocol.SSLProtocolSocketFactory.createSocket(SSLProtocolSocketFactory.java:130)
	at org.apache.commons.httpclient.HttpConnection.open(HttpConnection.java:707)
	at org.apache.commons.httpclient.MultiThreadedHttpConnectionManager$HttpConnectionAdapter.open(MultiThreadedHttpConnectionManager.java:1361)
	at org.apache.commons.httpclient.HttpMethodDirector.executeWithRetry(HttpMethodDirector.java:387)
	at org.apache.commons.httpclient.HttpMethodDirector.executeMethod(HttpMethodDirector.java:171)
	at org.apache.commons.httpclient.HttpClient.executeMethod(HttpClient.java:397)
	at org.apache.axis2.transport.http.AbstractHTTPSender.executeMethod(AbstractHTTPSender.java:621)
	at org.apache.axis2.transport.http.HTTPSender.sendViaPost(HTTPSender.java:193)
	... 14 more

Nov 24, 2013 9:48:19 AM main.SampleWSRegistryClient initialize
SEVERE: Failed to initiate WSRegistry Service client. Error occurred while logging in
org.wso2.carbon.registry.core.exceptions.RegistryException: Failed to initiate WSRegistry Service client. Error occurred while logging in
	at org.wso2.carbon.registry.ws.client.registry.WSRegistryServiceClient.<init>(WSRegistryServiceClient.java:134)
	at main.SampleWSRegistryClient.initialize(SampleWSRegistryClient.java:67)
	at main.SampleWSRegistryClient.Put(SampleWSRegistryClient.java:80)
	at main.TravelApp.doTransaction(TravelApp.java:83)
	at main.TravelApp.main(TravelApp.java:59)
Caused by: org.wso2.carbon.core.common.AuthenticationException: Error occurred while logging in
	at org.wso2.carbon.registry.ws.client.registry.WSRegistryServiceClient.authenticate(WSRegistryServiceClient.java:185)
	at org.wso2.carbon.registry.ws.client.registry.WSRegistryServiceClient.<init>(WSRegistryServiceClient.java:118)
	... 4 more
Caused by: org.apache.axis2.AxisFault: Connection refused
	at org.apache.axis2.AxisFault.makeFault(AxisFault.java:430)
	at org.apache.axis2.transport.http.HTTPSender.sendViaPost(HTTPSender.java:197)
	at org.apache.axis2.transport.http.HTTPSender.send(HTTPSender.java:75)
	at org.apache.axis2.transport.http.CommonsHTTPTransportSender.writeMessageWithCommons(CommonsHTTPTransportSender.java:450)
	at org.apache.axis2.transport.http.CommonsHTTPTransportSender.invoke(CommonsHTTPTransportSender.java:277)
	at org.apache.axis2.engine.AxisEngine.send(AxisEngine.java:442)
	at org.apache.axis2.description.OutInAxisOperationClient.send(OutInAxisOperation.java:398)
	at org.apache.axis2.description.OutInAxisOperationClient.executeImpl(OutInAxisOperation.java:224)
	at org.apache.axis2.client.OperationClient.execute(OperationClient.java:149)
	at org.wso2.carbon.authenticator.stub.AuthenticationAdminStub.login(AuthenticationAdminStub.java:659)
	at org.wso2.carbon.registry.ws.client.registry.WSRegistryServiceClient.authenticate(WSRegistryServiceClient.java:177)
	... 5 more
Caused by: java.net.ConnectException: Connection refused
	at java.net.PlainSocketImpl.socketConnect(Native Method)
	at java.net.AbstractPlainSocketImpl.doConnect(AbstractPlainSocketImpl.java:339)
	at java.net.AbstractPlainSocketImpl.connectToAddress(AbstractPlainSocketImpl.java:200)
	at java.net.AbstractPlainSocketImpl.connect(AbstractPlainSocketImpl.java:182)
	at java.net.SocksSocketImpl.connect(SocksSocketImpl.java:392)
	at java.net.Socket.connect(Socket.java:579)
	at sun.security.ssl.SSLSocketImpl.connect(SSLSocketImpl.java:618)
	at sun.reflect.GeneratedMethodAccessor5.invoke(Unknown Source)
	at sun.reflect.DelegatingMethodAccessorImpl.invoke(DelegatingMethodAccessorImpl.java:43)
	at java.lang.reflect.Method.invoke(Method.java:606)
	at org.apache.commons.httpclient.protocol.ReflectionSocketFactory.createSocket(ReflectionSocketFactory.java:140)
	at org.apache.commons.httpclient.protocol.SSLProtocolSocketFactory.createSocket(SSLProtocolSocketFactory.java:130)
	at org.apache.commons.httpclient.HttpConnection.open(HttpConnection.java:707)
	at org.apache.commons.httpclient.MultiThreadedHttpConnectionManager$HttpConnectionAdapter.open(MultiThreadedHttpConnectionManager.java:1361)
	at org.apache.commons.httpclient.HttpMethodDirector.executeWithRetry(HttpMethodDirector.java:387)
	at org.apache.commons.httpclient.HttpMethodDirector.executeMethod(HttpMethodDirector.java:171)
	at org.apache.commons.httpclient.HttpClient.executeMethod(HttpClient.java:397)
	at org.apache.axis2.transport.http.AbstractHTTPSender.executeMethod(AbstractHTTPSender.java:621)
	at org.apache.axis2.transport.http.HTTPSender.sendViaPost(HTTPSender.java:193)
	... 14 more

Nov 24, 2013 9:48:22 AM main.SampleWSRegistryClient initialize
SEVERE: Failed to initiate WSRegistry Service client. Error occurred while logging in
org.wso2.carbon.registry.core.exceptions.RegistryException: Failed to initiate WSRegistry Service client. Error occurred while logging in
	at org.wso2.carbon.registry.ws.client.registry.WSRegistryServiceClient.<init>(WSRegistryServiceClient.java:134)
	at main.SampleWSRegistryClient.initialize(SampleWSRegistryClient.java:67)
	at main.SampleWSRegistryClient.Put(SampleWSRegistryClient.java:80)
	at main.TravelApp.doTransaction(TravelApp.java:83)
	at main.TravelApp.main(TravelApp.java:59)
Caused by: org.wso2.carbon.core.common.AuthenticationException: Error occurred while logging in
	at org.wso2.carbon.registry.ws.client.registry.WSRegistryServiceClient.authenticate(WSRegistryServiceClient.java:185)
	at org.wso2.carbon.registry.ws.client.registry.WSRegistryServiceClient.<init>(WSRegistryServiceClient.java:118)
	... 4 more
Caused by: org.apache.axis2.AxisFault: Connection refused
	at org.apache.axis2.AxisFault.makeFault(AxisFault.java:430)
	at org.apache.axis2.transport.http.HTTPSender.sendViaPost(HTTPSender.java:197)
	at org.apache.axis2.transport.http.HTTPSender.send(HTTPSender.java:75)
	at org.apache.axis2.transport.http.CommonsHTTPTransportSender.writeMessageWithCommons(CommonsHTTPTransportSender.java:450)
	at org.apache.axis2.transport.http.CommonsHTTPTransportSender.invoke(CommonsHTTPTransportSender.java:277)
	at org.apache.axis2.engine.AxisEngine.send(AxisEngine.java:442)
	at org.apache.axis2.description.OutInAxisOperationClient.send(OutInAxisOperation.java:398)
	at org.apache.axis2.description.OutInAxisOperationClient.executeImpl(OutInAxisOperation.java:224)
	at org.apache.axis2.client.OperationClient.execute(OperationClient.java:149)
	at org.wso2.carbon.authenticator.stub.AuthenticationAdminStub.login(AuthenticationAdminStub.java:659)
	at org.wso2.carbon.registry.ws.client.registry.WSRegistryServiceClient.authenticate(WSRegistryServiceClient.java:177)
	... 5 more
Caused by: java.net.ConnectException: Connection refused
	at java.net.PlainSocketImpl.socketConnect(Native Method)
	at java.net.AbstractPlainSocketImpl.doConnect(AbstractPlainSocketImpl.java:339)
	at java.net.AbstractPlainSocketImpl.connectToAddress(AbstractPlainSocketImpl.java:200)
	at java.net.AbstractPlainSocketImpl.connect(AbstractPlainSocketImpl.java:182)
	at java.net.SocksSocketImpl.connect(SocksSocketImpl.java:392)
	at java.net.Socket.connect(Socket.java:579)
	at sun.security.ssl.SSLSocketImpl.connect(SSLSocketImpl.java:618)
	at sun.reflect.GeneratedMethodAccessor5.invoke(Unknown Source)
	at sun.reflect.DelegatingMethodAccessorImpl.invoke(DelegatingMethodAccessorImpl.java:43)
	at java.lang.reflect.Method.invoke(Method.java:606)
	at org.apache.commons.httpclient.protocol.ReflectionSocketFactory.createSocket(ReflectionSocketFactory.java:140)
	at org.apache.commons.httpclient.protocol.SSLProtocolSocketFactory.createSocket(SSLProtocolSocketFactory.java:130)
	at org.apache.commons.httpclient.HttpConnection.open(HttpConnection.java:707)
	at org.apache.commons.httpclient.MultiThreadedHttpConnectionManager$HttpConnectionAdapter.open(MultiThreadedHttpConnectionManager.java:1361)
	at org.apache.commons.httpclient.HttpMethodDirector.executeWithRetry(HttpMethodDirector.java:387)
	at org.apache.commons.httpclient.HttpMethodDirector.executeMethod(HttpMethodDirector.java:171)
	at org.apache.commons.httpclient.HttpClient.executeMethod(HttpClient.java:397)
	at org.apache.axis2.transport.http.AbstractHTTPSender.executeMethod(AbstractHTTPSender.java:621)
	at org.apache.axis2.transport.http.HTTPSender.sendViaPost(HTTPSender.java:193)
	... 14 more

Nov 24, 2013 9:48:25 AM main.SampleWSRegistryClient initialize
SEVERE: Failed to initiate WSRegistry Service client. Error occurred while logging in
org.wso2.carbon.registry.core.exceptions.RegistryException: Failed to initiate WSRegistry Service client. Error occurred while logging in
	at org.wso2.carbon.registry.ws.client.registry.WSRegistryServiceClient.<init>(WSRegistryServiceClient.java:134)
	at main.SampleWSRegistryClient.initialize(SampleWSRegistryClient.java:67)
	at main.SampleWSRegistryClient.Put(SampleWSRegistryClient.java:80)
	at main.TravelApp.doTransaction(TravelApp.java:83)
	at main.TravelApp.main(TravelApp.java:59)
Caused by: org.wso2.carbon.core.common.AuthenticationException: Error occurred while logging in
	at org.wso2.carbon.registry.ws.client.registry.WSRegistryServiceClient.authenticate(WSRegistryServiceClient.java:185)
	at org.wso2.carbon.registry.ws.client.registry.WSRegistryServiceClient.<init>(WSRegistryServiceClient.java:118)
	... 4 more
Caused by: org.apache.axis2.AxisFault: Connection refused
	at org.apache.axis2.AxisFault.makeFault(AxisFault.java:430)
	at org.apache.axis2.transport.http.HTTPSender.sendViaPost(HTTPSender.java:197)
	at org.apache.axis2.transport.http.HTTPSender.send(HTTPSender.java:75)
	at org.apache.axis2.transport.http.CommonsHTTPTransportSender.writeMessageWithCommons(CommonsHTTPTransportSender.java:450)
	at org.apache.axis2.transport.http.CommonsHTTPTransportSender.invoke(CommonsHTTPTransportSender.java:277)
	at org.apache.axis2.engine.AxisEngine.send(AxisEngine.java:442)
	at org.apache.axis2.description.OutInAxisOperationClient.send(OutInAxisOperation.java:398)
	at org.apache.axis2.description.OutInAxisOperationClient.executeImpl(OutInAxisOperation.java:224)
	at org.apache.axis2.client.OperationClient.execute(OperationClient.java:149)
	at org.wso2.carbon.authenticator.stub.AuthenticationAdminStub.login(AuthenticationAdminStub.java:659)
	at org.wso2.carbon.registry.ws.client.registry.WSRegistryServiceClient.authenticate(WSRegistryServiceClient.java:177)
	... 5 more
Caused by: java.net.ConnectException: Connection refused
	at java.net.PlainSocketImpl.socketConnect(Native Method)
	at java.net.AbstractPlainSocketImpl.doConnect(AbstractPlainSocketImpl.java:339)
	at java.net.AbstractPlainSocketImpl.connectToAddress(AbstractPlainSocketImpl.java:200)
	at java.net.AbstractPlainSocketImpl.connect(AbstractPlainSocketImpl.java:182)
	at java.net.SocksSocketImpl.connect(SocksSocketImpl.java:392)
	at java.net.Socket.connect(Socket.java:579)
	at sun.security.ssl.SSLSocketImpl.connect(SSLSocketImpl.java:618)
	at sun.reflect.GeneratedMethodAccessor5.invoke(Unknown Source)
	at sun.reflect.DelegatingMethodAccessorImpl.invoke(DelegatingMethodAccessorImpl.java:43)
	at java.lang.reflect.Method.invoke(Method.java:606)
	at org.apache.commons.httpclient.protocol.ReflectionSocketFactory.createSocket(ReflectionSocketFactory.java:140)
	at org.apache.commons.httpclient.protocol.SSLProtocolSocketFactory.createSocket(SSLProtocolSocketFactory.java:130)
	at org.apache.commons.httpclient.HttpConnection.open(HttpConnection.java:707)
	at org.apache.commons.httpclient.MultiThreadedHttpConnectionManager$HttpConnectionAdapter.open(MultiThreadedHttpConnectionManager.java:1361)
	at org.apache.commons.httpclient.HttpMethodDirector.executeWithRetry(HttpMethodDirector.java:387)
	at org.apache.commons.httpclient.HttpMethodDirector.executeMethod(HttpMethodDirector.java:171)
	at org.apache.commons.httpclient.HttpClient.executeMethod(HttpClient.java:397)
	at org.apache.axis2.transport.http.AbstractHTTPSender.executeMethod(AbstractHTTPSender.java:621)
	at org.apache.axis2.transport.http.HTTPSender.sendViaPost(HTTPSender.java:193)
	... 14 more

Nov 24, 2013 9:48:27 AM main.SampleWSRegistryClient initialize
SEVERE: Failed to initiate WSRegistry Service client. Error occurred while logging in
org.wso2.carbon.registry.core.exceptions.RegistryException: Failed to initiate WSRegistry Service client. Error occurred while logging in
	at org.wso2.carbon.registry.ws.client.registry.WSRegistryServiceClient.<init>(WSRegistryServiceClient.java:134)
	at main.SampleWSRegistryClient.initialize(SampleWSRegistryClient.java:67)
	at main.SampleWSRegistryClient.Put(SampleWSRegistryClient.java:80)
	at main.TravelApp.doTransaction(TravelApp.java:83)
	at main.TravelApp.main(TravelApp.java:59)
Caused by: org.wso2.carbon.core.common.AuthenticationException: Error occurred while logging in
	at org.wso2.carbon.registry.ws.client.registry.WSRegistryServiceClient.authenticate(WSRegistryServiceClient.java:185)
	at org.wso2.carbon.registry.ws.client.registry.WSRegistryServiceClient.<init>(WSRegistryServiceClient.java:118)
	... 4 more
Caused by: org.apache.axis2.AxisFault: Connection refused
	at org.apache.axis2.AxisFault.makeFault(AxisFault.java:430)
	at org.apache.axis2.transport.http.HTTPSender.sendViaPost(HTTPSender.java:197)
	at org.apache.axis2.transport.http.HTTPSender.send(HTTPSender.java:75)
	at org.apache.axis2.transport.http.CommonsHTTPTransportSender.writeMessageWithCommons(CommonsHTTPTransportSender.java:450)
	at org.apache.axis2.transport.http.CommonsHTTPTransportSender.invoke(CommonsHTTPTransportSender.java:277)
	at org.apache.axis2.engine.AxisEngine.send(AxisEngine.java:442)
	at org.apache.axis2.description.OutInAxisOperationClient.send(OutInAxisOperation.java:398)
	at org.apache.axis2.description.OutInAxisOperationClient.executeImpl(OutInAxisOperation.java:224)
	at org.apache.axis2.client.OperationClient.execute(OperationClient.java:149)
	at org.wso2.carbon.authenticator.stub.AuthenticationAdminStub.login(AuthenticationAdminStub.java:659)
	at org.wso2.carbon.registry.ws.client.registry.WSRegistryServiceClient.authenticate(WSRegistryServiceClient.java:177)
	... 5 more
Caused by: java.net.ConnectException: Connection refused
	at java.net.PlainSocketImpl.socketConnect(Native Method)
	at java.net.AbstractPlainSocketImpl.doConnect(AbstractPlainSocketImpl.java:339)
	at java.net.AbstractPlainSocketImpl.connectToAddress(AbstractPlainSocketImpl.java:200)
	at java.net.AbstractPlainSocketImpl.connect(AbstractPlainSocketImpl.java:182)
	at java.net.SocksSocketImpl.connect(SocksSocketImpl.java:392)
	at java.net.Socket.connect(Socket.java:579)
	at sun.security.ssl.SSLSocketImpl.connect(SSLSocketImpl.java:618)
	at sun.reflect.GeneratedMethodAccessor5.invoke(Unknown Source)
	at sun.reflect.DelegatingMethodAccessorImpl.invoke(DelegatingMethodAccessorImpl.java:43)
	at java.lang.reflect.Method.invoke(Method.java:606)
	at org.apache.commons.httpclient.protocol.ReflectionSocketFactory.createSocket(ReflectionSocketFactory.java:140)
	at org.apache.commons.httpclient.protocol.SSLProtocolSocketFactory.createSocket(SSLProtocolSocketFactory.java:130)
	at org.apache.commons.httpclient.HttpConnection.open(HttpConnection.java:707)
	at org.apache.commons.httpclient.MultiThreadedHttpConnectionManager$HttpConnectionAdapter.open(MultiThreadedHttpConnectionManager.java:1361)
	at org.apache.commons.httpclient.HttpMethodDirector.executeWithRetry(HttpMethodDirector.java:387)
	at org.apache.commons.httpclient.HttpMethodDirector.executeMethod(HttpMethodDirector.java:171)
	at org.apache.commons.httpclient.HttpClient.executeMethod(HttpClient.java:397)
	at org.apache.axis2.transport.http.AbstractHTTPSender.executeMethod(AbstractHTTPSender.java:621)
	at org.apache.axis2.transport.http.HTTPSender.sendViaPost(HTTPSender.java:193)
	... 14 more

Nov 24, 2013 9:48:29 AM main.SampleWSRegistryClient initialize
SEVERE: Failed to initiate WSRegistry Service client. Error occurred while logging in
org.wso2.carbon.registry.core.exceptions.RegistryException: Failed to initiate WSRegistry Service client. Error occurred while logging in
	at org.wso2.carbon.registry.ws.client.registry.WSRegistryServiceClient.<init>(WSRegistryServiceClient.java:134)
	at main.SampleWSRegistryClient.initialize(SampleWSRegistryClient.java:67)
	at main.SampleWSRegistryClient.Put(SampleWSRegistryClient.java:80)
	at main.TravelApp.doTransaction(TravelApp.java:83)
	at main.TravelApp.main(TravelApp.java:59)
Caused by: org.wso2.carbon.core.common.AuthenticationException: Error occurred while logging in
	at org.wso2.carbon.registry.ws.client.registry.WSRegistryServiceClient.authenticate(WSRegistryServiceClient.java:185)
	at org.wso2.carbon.registry.ws.client.registry.WSRegistryServiceClient.<init>(WSRegistryServiceClient.java:118)
	... 4 more
Caused by: org.apache.axis2.AxisFault: Connection refused
	at org.apache.axis2.AxisFault.makeFault(AxisFault.java:430)
	at org.apache.axis2.transport.http.HTTPSender.sendViaPost(HTTPSender.java:197)
	at org.apache.axis2.transport.http.HTTPSender.send(HTTPSender.java:75)
	at org.apache.axis2.transport.http.CommonsHTTPTransportSender.writeMessageWithCommons(CommonsHTTPTransportSender.java:450)
	at org.apache.axis2.transport.http.CommonsHTTPTransportSender.invoke(CommonsHTTPTransportSender.java:277)
	at org.apache.axis2.engine.AxisEngine.send(AxisEngine.java:442)
	at org.apache.axis2.description.OutInAxisOperationClient.send(OutInAxisOperation.java:398)
	at org.apache.axis2.description.OutInAxisOperationClient.executeImpl(OutInAxisOperation.java:224)
	at org.apache.axis2.client.OperationClient.execute(OperationClient.java:149)
	at org.wso2.carbon.authenticator.stub.AuthenticationAdminStub.login(AuthenticationAdminStub.java:659)
	at org.wso2.carbon.registry.ws.client.registry.WSRegistryServiceClient.authenticate(WSRegistryServiceClient.java:177)
	... 5 more
Caused by: java.net.ConnectException: Connection refused
	at java.net.PlainSocketImpl.socketConnect(Native Method)
	at java.net.AbstractPlainSocketImpl.doConnect(AbstractPlainSocketImpl.java:339)
	at java.net.AbstractPlainSocketImpl.connectToAddress(AbstractPlainSocketImpl.java:200)
	at java.net.AbstractPlainSocketImpl.connect(AbstractPlainSocketImpl.java:182)
	at java.net.SocksSocketImpl.connect(SocksSocketImpl.java:392)
	at java.net.Socket.connect(Socket.java:579)
	at sun.security.ssl.SSLSocketImpl.connect(SSLSocketImpl.java:618)
	at sun.reflect.GeneratedMethodAccessor5.invoke(Unknown Source)
	at sun.reflect.DelegatingMethodAccessorImpl.invoke(DelegatingMethodAccessorImpl.java:43)
	at java.lang.reflect.Method.invoke(Method.java:606)
	at org.apache.commons.httpclient.protocol.ReflectionSocketFactory.createSocket(ReflectionSocketFactory.java:140)
	at org.apache.commons.httpclient.protocol.SSLProtocolSocketFactory.createSocket(SSLProtocolSocketFactory.java:130)
	at org.apache.commons.httpclient.HttpConnection.open(HttpConnection.java:707)
	at org.apache.commons.httpclient.MultiThreadedHttpConnectionManager$HttpConnectionAdapter.open(MultiThreadedHttpConnectionManager.java:1361)
	at org.apache.commons.httpclient.HttpMethodDirector.executeWithRetry(HttpMethodDirector.java:387)
	at org.apache.commons.httpclient.HttpMethodDirector.executeMethod(HttpMethodDirector.java:171)
	at org.apache.commons.httpclient.HttpClient.executeMethod(HttpClient.java:397)
	at org.apache.axis2.transport.http.AbstractHTTPSender.executeMethod(AbstractHTTPSender.java:621)
	at org.apache.axis2.transport.http.HTTPSender.sendViaPost(HTTPSender.java:193)
	... 14 more

Nov 24, 2013 9:48:32 AM main.SampleWSRegistryClient initialize
SEVERE: Failed to initiate WSRegistry Service client. Error occurred while logging in
org.wso2.carbon.registry.core.exceptions.RegistryException: Failed to initiate WSRegistry Service client. Error occurred while logging in
	at org.wso2.carbon.registry.ws.client.registry.WSRegistryServiceClient.<init>(WSRegistryServiceClient.java:134)
	at main.SampleWSRegistryClient.initialize(SampleWSRegistryClient.java:67)
	at main.SampleWSRegistryClient.Put(SampleWSRegistryClient.java:80)
	at main.TravelApp.doTransaction(TravelApp.java:83)
	at main.TravelApp.main(TravelApp.java:59)
Caused by: org.wso2.carbon.core.common.AuthenticationException: Error occurred while logging in
	at org.wso2.carbon.registry.ws.client.registry.WSRegistryServiceClient.authenticate(WSRegistryServiceClient.java:185)
	at org.wso2.carbon.registry.ws.client.registry.WSRegistryServiceClient.<init>(WSRegistryServiceClient.java:118)
	... 4 more
Caused by: org.apache.axis2.AxisFault: Connection refused
	at org.apache.axis2.AxisFault.makeFault(AxisFault.java:430)
	at org.apache.axis2.transport.http.HTTPSender.sendViaPost(HTTPSender.java:197)
	at org.apache.axis2.transport.http.HTTPSender.send(HTTPSender.java:75)
	at org.apache.axis2.transport.http.CommonsHTTPTransportSender.writeMessageWithCommons(CommonsHTTPTransportSender.java:450)
	at org.apache.axis2.transport.http.CommonsHTTPTransportSender.invoke(CommonsHTTPTransportSender.java:277)
	at org.apache.axis2.engine.AxisEngine.send(AxisEngine.java:442)
	at org.apache.axis2.description.OutInAxisOperationClient.send(OutInAxisOperation.java:398)
	at org.apache.axis2.description.OutInAxisOperationClient.executeImpl(OutInAxisOperation.java:224)
	at org.apache.axis2.client.OperationClient.execute(OperationClient.java:149)
	at org.wso2.carbon.authenticator.stub.AuthenticationAdminStub.login(AuthenticationAdminStub.java:659)
	at org.wso2.carbon.registry.ws.client.registry.WSRegistryServiceClient.authenticate(WSRegistryServiceClient.java:177)
	... 5 more
Caused by: java.net.ConnectException: Connection refused
	at java.net.PlainSocketImpl.socketConnect(Native Method)
	at java.net.AbstractPlainSocketImpl.doConnect(AbstractPlainSocketImpl.java:339)
	at java.net.AbstractPlainSocketImpl.connectToAddress(AbstractPlainSocketImpl.java:200)
	at java.net.AbstractPlainSocketImpl.connect(AbstractPlainSocketImpl.java:182)
	at java.net.SocksSocketImpl.connect(SocksSocketImpl.java:392)
	at java.net.Socket.connect(Socket.java:579)
	at sun.security.ssl.SSLSocketImpl.connect(SSLSocketImpl.java:618)
	at sun.reflect.GeneratedMethodAccessor5.invoke(Unknown Source)
	at sun.reflect.DelegatingMethodAccessorImpl.invoke(DelegatingMethodAccessorImpl.java:43)
	at java.lang.reflect.Method.invoke(Method.java:606)
	at org.apache.commons.httpclient.protocol.ReflectionSocketFactory.createSocket(ReflectionSocketFactory.java:140)
	at org.apache.commons.httpclient.protocol.SSLProtocolSocketFactory.createSocket(SSLProtocolSocketFactory.java:130)
	at org.apache.commons.httpclient.HttpConnection.open(HttpConnection.java:707)
	at org.apache.commons.httpclient.MultiThreadedHttpConnectionManager$HttpConnectionAdapter.open(MultiThreadedHttpConnectionManager.java:1361)
	at org.apache.commons.httpclient.HttpMethodDirector.executeWithRetry(HttpMethodDirector.java:387)
	at org.apache.commons.httpclient.HttpMethodDirector.executeMethod(HttpMethodDirector.java:171)
	at org.apache.commons.httpclient.HttpClient.executeMethod(HttpClient.java:397)
	at org.apache.axis2.transport.http.AbstractHTTPSender.executeMethod(AbstractHTTPSender.java:621)
	at org.apache.axis2.transport.http.HTTPSender.sendViaPost(HTTPSender.java:193)
	... 14 more

Nov 24, 2013 9:48:34 AM main.SampleWSRegistryClient initialize
SEVERE: Failed to initiate WSRegistry Service client. Error occurred while logging in
org.wso2.carbon.registry.core.exceptions.RegistryException: Failed to initiate WSRegistry Service client. Error occurred while logging in
	at org.wso2.carbon.registry.ws.client.registry.WSRegistryServiceClient.<init>(WSRegistryServiceClient.java:134)
	at main.SampleWSRegistryClient.initialize(SampleWSRegistryClient.java:67)
	at main.SampleWSRegistryClient.Put(SampleWSRegistryClient.java:80)
	at main.TravelApp.doTransaction(TravelApp.java:83)
	at main.TravelApp.main(TravelApp.java:59)
Caused by: org.wso2.carbon.core.common.AuthenticationException: Error occurred while logging in
	at org.wso2.carbon.registry.ws.client.registry.WSRegistryServiceClient.authenticate(WSRegistryServiceClient.java:185)
	at org.wso2.carbon.registry.ws.client.registry.WSRegistryServiceClient.<init>(WSRegistryServiceClient.java:118)
	... 4 more
Caused by: org.apache.axis2.AxisFault: Connection refused
	at org.apache.axis2.AxisFault.makeFault(AxisFault.java:430)
	at org.apache.axis2.transport.http.HTTPSender.sendViaPost(HTTPSender.java:197)
	at org.apache.axis2.transport.http.HTTPSender.send(HTTPSender.java:75)
	at org.apache.axis2.transport.http.CommonsHTTPTransportSender.writeMessageWithCommons(CommonsHTTPTransportSender.java:450)
	at org.apache.axis2.transport.http.CommonsHTTPTransportSender.invoke(CommonsHTTPTransportSender.java:277)
	at org.apache.axis2.engine.AxisEngine.send(AxisEngine.java:442)
	at org.apache.axis2.description.OutInAxisOperationClient.send(OutInAxisOperation.java:398)
	at org.apache.axis2.description.OutInAxisOperationClient.executeImpl(OutInAxisOperation.java:224)
	at org.apache.axis2.client.OperationClient.execute(OperationClient.java:149)
	at org.wso2.carbon.authenticator.stub.AuthenticationAdminStub.login(AuthenticationAdminStub.java:659)
	at org.wso2.carbon.registry.ws.client.registry.WSRegistryServiceClient.authenticate(WSRegistryServiceClient.java:177)
	... 5 more
Caused by: java.net.ConnectException: Connection refused
	at java.net.PlainSocketImpl.socketConnect(Native Method)
	at java.net.AbstractPlainSocketImpl.doConnect(AbstractPlainSocketImpl.java:339)
	at java.net.AbstractPlainSocketImpl.connectToAddress(AbstractPlainSocketImpl.java:200)
	at java.net.AbstractPlainSocketImpl.connect(AbstractPlainSocketImpl.java:182)
	at java.net.SocksSocketImpl.connect(SocksSocketImpl.java:392)
	at java.net.Socket.connect(Socket.java:579)
	at sun.security.ssl.SSLSocketImpl.connect(SSLSocketImpl.java:618)
	at sun.reflect.GeneratedMethodAccessor5.invoke(Unknown Source)
	at sun.reflect.DelegatingMethodAccessorImpl.invoke(DelegatingMethodAccessorImpl.java:43)
	at java.lang.reflect.Method.invoke(Method.java:606)
	at org.apache.commons.httpclient.protocol.ReflectionSocketFactory.createSocket(ReflectionSocketFactory.java:140)
	at org.apache.commons.httpclient.protocol.SSLProtocolSocketFactory.createSocket(SSLProtocolSocketFactory.java:130)
	at org.apache.commons.httpclient.HttpConnection.open(HttpConnection.java:707)
	at org.apache.commons.httpclient.MultiThreadedHttpConnectionManager$HttpConnectionAdapter.open(MultiThreadedHttpConnectionManager.java:1361)
	at org.apache.commons.httpclient.HttpMethodDirector.executeWithRetry(HttpMethodDirector.java:387)
	at org.apache.commons.httpclient.HttpMethodDirector.executeMethod(HttpMethodDirector.java:171)
	at org.apache.commons.httpclient.HttpClient.executeMethod(HttpClient.java:397)
	at org.apache.axis2.transport.http.AbstractHTTPSender.executeMethod(AbstractHTTPSender.java:621)
	at org.apache.axis2.transport.http.HTTPSender.sendViaPost(HTTPSender.java:193)
	... 14 more

Nov 24, 2013 9:48:36 AM main.SampleWSRegistryClient initialize
SEVERE: Failed to initiate WSRegistry Service client. Error occurred while logging in
org.wso2.carbon.registry.core.exceptions.RegistryException: Failed to initiate WSRegistry Service client. Error occurred while logging in
	at org.wso2.carbon.registry.ws.client.registry.WSRegistryServiceClient.<init>(WSRegistryServiceClient.java:134)
	at main.SampleWSRegistryClient.initialize(SampleWSRegistryClient.java:67)
	at main.SampleWSRegistryClient.Put(SampleWSRegistryClient.java:80)
	at main.TravelApp.doTransaction(TravelApp.java:83)
	at main.TravelApp.main(TravelApp.java:59)
Caused by: org.wso2.carbon.core.common.AuthenticationException: Error occurred while logging in
	at org.wso2.carbon.registry.ws.client.registry.WSRegistryServiceClient.authenticate(WSRegistryServiceClient.java:185)
	at org.wso2.carbon.registry.ws.client.registry.WSRegistryServiceClient.<init>(WSRegistryServiceClient.java:118)
	... 4 more
Caused by: org.apache.axis2.AxisFault: Connection refused
	at org.apache.axis2.AxisFault.makeFault(AxisFault.java:430)
	at org.apache.axis2.transport.http.HTTPSender.sendViaPost(HTTPSender.java:197)
	at org.apache.axis2.transport.http.HTTPSender.send(HTTPSender.java:75)
	at org.apache.axis2.transport.http.CommonsHTTPTransportSender.writeMessageWithCommons(CommonsHTTPTransportSender.java:450)
	at org.apache.axis2.transport.http.CommonsHTTPTransportSender.invoke(CommonsHTTPTransportSender.java:277)
	at org.apache.axis2.engine.AxisEngine.send(AxisEngine.java:442)
	at org.apache.axis2.description.OutInAxisOperationClient.send(OutInAxisOperation.java:398)
	at org.apache.axis2.description.OutInAxisOperationClient.executeImpl(OutInAxisOperation.java:224)
	at org.apache.axis2.client.OperationClient.execute(OperationClient.java:149)
	at org.wso2.carbon.authenticator.stub.AuthenticationAdminStub.login(AuthenticationAdminStub.java:659)
	at org.wso2.carbon.registry.ws.client.registry.WSRegistryServiceClient.authenticate(WSRegistryServiceClient.java:177)
	... 5 more
Caused by: java.net.ConnectException: Connection refused
	at java.net.PlainSocketImpl.socketConnect(Native Method)
	at java.net.AbstractPlainSocketImpl.doConnect(AbstractPlainSocketImpl.java:339)
	at java.net.AbstractPlainSocketImpl.connectToAddress(AbstractPlainSocketImpl.java:200)
	at java.net.AbstractPlainSocketImpl.connect(AbstractPlainSocketImpl.java:182)
	at java.net.SocksSocketImpl.connect(SocksSocketImpl.java:392)
	at java.net.Socket.connect(Socket.java:579)
	at sun.security.ssl.SSLSocketImpl.connect(SSLSocketImpl.java:618)
	at sun.reflect.GeneratedMethodAccessor5.invoke(Unknown Source)
	at sun.reflect.DelegatingMethodAccessorImpl.invoke(DelegatingMethodAccessorImpl.java:43)
	at java.lang.reflect.Method.invoke(Method.java:606)
	at org.apache.commons.httpclient.protocol.ReflectionSocketFactory.createSocket(ReflectionSocketFactory.java:140)
	at org.apache.commons.httpclient.protocol.SSLProtocolSocketFactory.createSocket(SSLProtocolSocketFactory.java:130)
	at org.apache.commons.httpclient.HttpConnection.open(HttpConnection.java:707)
	at org.apache.commons.httpclient.MultiThreadedHttpConnectionManager$HttpConnectionAdapter.open(MultiThreadedHttpConnectionManager.java:1361)
	at org.apache.commons.httpclient.HttpMethodDirector.executeWithRetry(HttpMethodDirector.java:387)
	at org.apache.commons.httpclient.HttpMethodDirector.executeMethod(HttpMethodDirector.java:171)
	at org.apache.commons.httpclient.HttpClient.executeMethod(HttpClient.java:397)
	at org.apache.axis2.transport.http.AbstractHTTPSender.executeMethod(AbstractHTTPSender.java:621)
	at org.apache.axis2.transport.http.HTTPSender.sendViaPost(HTTPSender.java:193)
	... 14 more

Nov 24, 2013 9:48:39 AM main.SampleWSRegistryClient initialize
SEVERE: Failed to initiate WSRegistry Service client. Error occurred while logging in
org.wso2.carbon.registry.core.exceptions.RegistryException: Failed to initiate WSRegistry Service client. Error occurred while logging in
	at org.wso2.carbon.registry.ws.client.registry.WSRegistryServiceClient.<init>(WSRegistryServiceClient.java:134)
	at main.SampleWSRegistryClient.initialize(SampleWSRegistryClient.java:67)
	at main.SampleWSRegistryClient.Put(SampleWSRegistryClient.java:80)
	at main.TravelApp.doTransaction(TravelApp.java:83)
	at main.TravelApp.main(TravelApp.java:59)
Caused by: org.wso2.carbon.core.common.AuthenticationException: Error occurred while logging in
	at org.wso2.carbon.registry.ws.client.registry.WSRegistryServiceClient.authenticate(WSRegistryServiceClient.java:185)
	at org.wso2.carbon.registry.ws.client.registry.WSRegistryServiceClient.<init>(WSRegistryServiceClient.java:118)
	... 4 more
Caused by: org.apache.axis2.AxisFault: Connection refused
	at org.apache.axis2.AxisFault.makeFault(AxisFault.java:430)
	at org.apache.axis2.transport.http.HTTPSender.sendViaPost(HTTPSender.java:197)
	at org.apache.axis2.transport.http.HTTPSender.send(HTTPSender.java:75)
	at org.apache.axis2.transport.http.CommonsHTTPTransportSender.writeMessageWithCommons(CommonsHTTPTransportSender.java:450)
	at org.apache.axis2.transport.http.CommonsHTTPTransportSender.invoke(CommonsHTTPTransportSender.java:277)
	at org.apache.axis2.engine.AxisEngine.send(AxisEngine.java:442)
	at org.apache.axis2.description.OutInAxisOperationClient.send(OutInAxisOperation.java:398)
	at org.apache.axis2.description.OutInAxisOperationClient.executeImpl(OutInAxisOperation.java:224)
	at org.apache.axis2.client.OperationClient.execute(OperationClient.java:149)
	at org.wso2.carbon.authenticator.stub.AuthenticationAdminStub.login(AuthenticationAdminStub.java:659)
	at org.wso2.carbon.registry.ws.client.registry.WSRegistryServiceClient.authenticate(WSRegistryServiceClient.java:177)
	... 5 more
Caused by: java.net.ConnectException: Connection refused
	at java.net.PlainSocketImpl.socketConnect(Native Method)
	at java.net.AbstractPlainSocketImpl.doConnect(AbstractPlainSocketImpl.java:339)
	at java.net.AbstractPlainSocketImpl.connectToAddress(AbstractPlainSocketImpl.java:200)
	at java.net.AbstractPlainSocketImpl.connect(AbstractPlainSocketImpl.java:182)
	at java.net.SocksSocketImpl.connect(SocksSocketImpl.java:392)
	at java.net.Socket.connect(Socket.java:579)
	at sun.security.ssl.SSLSocketImpl.connect(SSLSocketImpl.java:618)
	at sun.reflect.GeneratedMethodAccessor5.invoke(Unknown Source)
	at sun.reflect.DelegatingMethodAccessorImpl.invoke(DelegatingMethodAccessorImpl.java:43)
	at java.lang.reflect.Method.invoke(Method.java:606)
	at org.apache.commons.httpclient.protocol.ReflectionSocketFactory.createSocket(ReflectionSocketFactory.java:140)
	at org.apache.commons.httpclient.protocol.SSLProtocolSocketFactory.createSocket(SSLProtocolSocketFactory.java:130)
	at org.apache.commons.httpclient.HttpConnection.open(HttpConnection.java:707)
	at org.apache.commons.httpclient.MultiThreadedHttpConnectionManager$HttpConnectionAdapter.open(MultiThreadedHttpConnectionManager.java:1361)
	at org.apache.commons.httpclient.HttpMethodDirector.executeWithRetry(HttpMethodDirector.java:387)
	at org.apache.commons.httpclient.HttpMethodDirector.executeMethod(HttpMethodDirector.java:171)
	at org.apache.commons.httpclient.HttpClient.executeMethod(HttpClient.java:397)
	at org.apache.axis2.transport.http.AbstractHTTPSender.executeMethod(AbstractHTTPSender.java:621)
	at org.apache.axis2.transport.http.HTTPSender.sendViaPost(HTTPSender.java:193)
	... 14 more

Nov 24, 2013 9:48:41 AM main.SampleWSRegistryClient initialize
SEVERE: Failed to initiate WSRegistry Service client. Error occurred while logging in
org.wso2.carbon.registry.core.exceptions.RegistryException: Failed to initiate WSRegistry Service client. Error occurred while logging in
	at org.wso2.carbon.registry.ws.client.registry.WSRegistryServiceClient.<init>(WSRegistryServiceClient.java:134)
	at main.SampleWSRegistryClient.initialize(SampleWSRegistryClient.java:67)
	at main.SampleWSRegistryClient.Put(SampleWSRegistryClient.java:80)
	at main.TravelApp.doTransaction(TravelApp.java:83)
	at main.TravelApp.main(TravelApp.java:59)
Caused by: org.wso2.carbon.core.common.AuthenticationException: Error occurred while logging in
	at org.wso2.carbon.registry.ws.client.registry.WSRegistryServiceClient.authenticate(WSRegistryServiceClient.java:185)
	at org.wso2.carbon.registry.ws.client.registry.WSRegistryServiceClient.<init>(WSRegistryServiceClient.java:118)
	... 4 more
Caused by: org.apache.axis2.AxisFault: Connection refused
	at org.apache.axis2.AxisFault.makeFault(AxisFault.java:430)
	at org.apache.axis2.transport.http.HTTPSender.sendViaPost(HTTPSender.java:197)
	at org.apache.axis2.transport.http.HTTPSender.send(HTTPSender.java:75)
	at org.apache.axis2.transport.http.CommonsHTTPTransportSender.writeMessageWithCommons(CommonsHTTPTransportSender.java:450)
	at org.apache.axis2.transport.http.CommonsHTTPTransportSender.invoke(CommonsHTTPTransportSender.java:277)
	at org.apache.axis2.engine.AxisEngine.send(AxisEngine.java:442)
	at org.apache.axis2.description.OutInAxisOperationClient.send(OutInAxisOperation.java:398)
	at org.apache.axis2.description.OutInAxisOperationClient.executeImpl(OutInAxisOperation.java:224)
	at org.apache.axis2.client.OperationClient.execute(OperationClient.java:149)
	at org.wso2.carbon.authenticator.stub.AuthenticationAdminStub.login(AuthenticationAdminStub.java:659)
	at org.wso2.carbon.registry.ws.client.registry.WSRegistryServiceClient.authenticate(WSRegistryServiceClient.java:177)
	... 5 more
Caused by: java.net.ConnectException: Connection refused
	at java.net.PlainSocketImpl.socketConnect(Native Method)
	at java.net.AbstractPlainSocketImpl.doConnect(AbstractPlainSocketImpl.java:339)
	at java.net.AbstractPlainSocketImpl.connectToAddress(AbstractPlainSocketImpl.java:200)
	at java.net.AbstractPlainSocketImpl.connect(AbstractPlainSocketImpl.java:182)
	at java.net.SocksSocketImpl.connect(SocksSocketImpl.java:392)
	at java.net.Socket.connect(Socket.java:579)
	at sun.security.ssl.SSLSocketImpl.connect(SSLSocketImpl.java:618)
	at sun.reflect.GeneratedMethodAccessor5.invoke(Unknown Source)
	at sun.reflect.DelegatingMethodAccessorImpl.invoke(DelegatingMethodAccessorImpl.java:43)
	at java.lang.reflect.Method.invoke(Method.java:606)
	at org.apache.commons.httpclient.protocol.ReflectionSocketFactory.createSocket(ReflectionSocketFactory.java:140)
	at org.apache.commons.httpclient.protocol.SSLProtocolSocketFactory.createSocket(SSLProtocolSocketFactory.java:130)
	at org.apache.commons.httpclient.HttpConnection.open(HttpConnection.java:707)
	at org.apache.commons.httpclient.MultiThreadedHttpConnectionManager$HttpConnectionAdapter.open(MultiThreadedHttpConnectionManager.java:1361)
	at org.apache.commons.httpclient.HttpMethodDirector.executeWithRetry(HttpMethodDirector.java:387)
	at org.apache.commons.httpclient.HttpMethodDirector.executeMethod(HttpMethodDirector.java:171)
	at org.apache.commons.httpclient.HttpClient.executeMethod(HttpClient.java:397)
	at org.apache.axis2.transport.http.AbstractHTTPSender.executeMethod(AbstractHTTPSender.java:621)
	at org.apache.axis2.transport.http.HTTPSender.sendViaPost(HTTPSender.java:193)
	... 14 more

Nov 24, 2013 9:48:43 AM main.SampleWSRegistryClient initialize
SEVERE: Failed to initiate WSRegistry Service client. Error occurred while logging in
org.wso2.carbon.registry.core.exceptions.RegistryException: Failed to initiate WSRegistry Service client. Error occurred while logging in
	at org.wso2.carbon.registry.ws.client.registry.WSRegistryServiceClient.<init>(WSRegistryServiceClient.java:134)
	at main.SampleWSRegistryClient.initialize(SampleWSRegistryClient.java:67)
	at main.SampleWSRegistryClient.Put(SampleWSRegistryClient.java:80)
	at main.TravelApp.doTransaction(TravelApp.java:83)
	at main.TravelApp.main(TravelApp.java:59)
Caused by: org.wso2.carbon.core.common.AuthenticationException: Error occurred while logging in
	at org.wso2.carbon.registry.ws.client.registry.WSRegistryServiceClient.authenticate(WSRegistryServiceClient.java:185)
	at org.wso2.carbon.registry.ws.client.registry.WSRegistryServiceClient.<init>(WSRegistryServiceClient.java:118)
	... 4 more
Caused by: org.apache.axis2.AxisFault: Connection refused
	at org.apache.axis2.AxisFault.makeFault(AxisFault.java:430)
	at org.apache.axis2.transport.http.HTTPSender.sendViaPost(HTTPSender.java:197)
	at org.apache.axis2.transport.http.HTTPSender.send(HTTPSender.java:75)
	at org.apache.axis2.transport.http.CommonsHTTPTransportSender.writeMessageWithCommons(CommonsHTTPTransportSender.java:450)
	at org.apache.axis2.transport.http.CommonsHTTPTransportSender.invoke(CommonsHTTPTransportSender.java:277)
	at org.apache.axis2.engine.AxisEngine.send(AxisEngine.java:442)
	at org.apache.axis2.description.OutInAxisOperationClient.send(OutInAxisOperation.java:398)
	at org.apache.axis2.description.OutInAxisOperationClient.executeImpl(OutInAxisOperation.java:224)
	at org.apache.axis2.client.OperationClient.execute(OperationClient.java:149)
	at org.wso2.carbon.authenticator.stub.AuthenticationAdminStub.login(AuthenticationAdminStub.java:659)
	at org.wso2.carbon.registry.ws.client.registry.WSRegistryServiceClient.authenticate(WSRegistryServiceClient.java:177)
	... 5 more
Caused by: java.net.ConnectException: Connection refused
	at java.net.PlainSocketImpl.socketConnect(Native Method)
	at java.net.AbstractPlainSocketImpl.doConnect(AbstractPlainSocketImpl.java:339)
	at java.net.AbstractPlainSocketImpl.connectToAddress(AbstractPlainSocketImpl.java:200)
	at java.net.AbstractPlainSocketImpl.connect(AbstractPlainSocketImpl.java:182)
	at java.net.SocksSocketImpl.connect(SocksSocketImpl.java:392)
	at java.net.Socket.connect(Socket.java:579)
	at sun.security.ssl.SSLSocketImpl.connect(SSLSocketImpl.java:618)
	at sun.reflect.GeneratedMethodAccessor5.invoke(Unknown Source)
	at sun.reflect.DelegatingMethodAccessorImpl.invoke(DelegatingMethodAccessorImpl.java:43)
	at java.lang.reflect.Method.invoke(Method.java:606)
	at org.apache.commons.httpclient.protocol.ReflectionSocketFactory.createSocket(ReflectionSocketFactory.java:140)
	at org.apache.commons.httpclient.protocol.SSLProtocolSocketFactory.createSocket(SSLProtocolSocketFactory.java:130)
	at org.apache.commons.httpclient.HttpConnection.open(HttpConnection.java:707)
	at org.apache.commons.httpclient.MultiThreadedHttpConnectionManager$HttpConnectionAdapter.open(MultiThreadedHttpConnectionManager.java:1361)
	at org.apache.commons.httpclient.HttpMethodDirector.executeWithRetry(HttpMethodDirector.java:387)
	at org.apache.commons.httpclient.HttpMethodDirector.executeMethod(HttpMethodDirector.java:171)
	at org.apache.commons.httpclient.HttpClient.executeMethod(HttpClient.java:397)
	at org.apache.axis2.transport.http.AbstractHTTPSender.executeMethod(AbstractHTTPSender.java:621)
	at org.apache.axis2.transport.http.HTTPSender.sendViaPost(HTTPSender.java:193)
	... 14 more

Nov 24, 2013 9:48:46 AM main.SampleWSRegistryClient initialize
SEVERE: Failed to initiate WSRegistry Service client. Error occurred while logging in
org.wso2.carbon.registry.core.exceptions.RegistryException: Failed to initiate WSRegistry Service client. Error occurred while logging in
	at org.wso2.carbon.registry.ws.client.registry.WSRegistryServiceClient.<init>(WSRegistryServiceClient.java:134)
	at main.SampleWSRegistryClient.initialize(SampleWSRegistryClient.java:67)
	at main.SampleWSRegistryClient.Put(SampleWSRegistryClient.java:80)
	at main.TravelApp.doTransaction(TravelApp.java:83)
	at main.TravelApp.main(TravelApp.java:59)
Caused by: org.wso2.carbon.core.common.AuthenticationException: Error occurred while logging in
	at org.wso2.carbon.registry.ws.client.registry.WSRegistryServiceClient.authenticate(WSRegistryServiceClient.java:185)
	at org.wso2.carbon.registry.ws.client.registry.WSRegistryServiceClient.<init>(WSRegistryServiceClient.java:118)
	... 4 more
Caused by: org.apache.axis2.AxisFault: Connection refused
	at org.apache.axis2.AxisFault.makeFault(AxisFault.java:430)
	at org.apache.axis2.transport.http.HTTPSender.sendViaPost(HTTPSender.java:197)
	at org.apache.axis2.transport.http.HTTPSender.send(HTTPSender.java:75)
	at org.apache.axis2.transport.http.CommonsHTTPTransportSender.writeMessageWithCommons(CommonsHTTPTransportSender.java:450)
	at org.apache.axis2.transport.http.CommonsHTTPTransportSender.invoke(CommonsHTTPTransportSender.java:277)
	at org.apache.axis2.engine.AxisEngine.send(AxisEngine.java:442)
	at org.apache.axis2.description.OutInAxisOperationClient.send(OutInAxisOperation.java:398)
	at org.apache.axis2.description.OutInAxisOperationClient.executeImpl(OutInAxisOperation.java:224)
	at org.apache.axis2.client.OperationClient.execute(OperationClient.java:149)
	at org.wso2.carbon.authenticator.stub.AuthenticationAdminStub.login(AuthenticationAdminStub.java:659)
	at org.wso2.carbon.registry.ws.client.registry.WSRegistryServiceClient.authenticate(WSRegistryServiceClient.java:177)
	... 5 more
Caused by: java.net.ConnectException: Connection refused
	at java.net.PlainSocketImpl.socketConnect(Native Method)
	at java.net.AbstractPlainSocketImpl.doConnect(AbstractPlainSocketImpl.java:339)
	at java.net.AbstractPlainSocketImpl.connectToAddress(AbstractPlainSocketImpl.java:200)
	at java.net.AbstractPlainSocketImpl.connect(AbstractPlainSocketImpl.java:182)
	at java.net.SocksSocketImpl.connect(SocksSocketImpl.java:392)
	at java.net.Socket.connect(Socket.java:579)
	at sun.security.ssl.SSLSocketImpl.connect(SSLSocketImpl.java:618)
	at sun.reflect.GeneratedMethodAccessor5.invoke(Unknown Source)
	at sun.reflect.DelegatingMethodAccessorImpl.invoke(DelegatingMethodAccessorImpl.java:43)
	at java.lang.reflect.Method.invoke(Method.java:606)
	at org.apache.commons.httpclient.protocol.ReflectionSocketFactory.createSocket(ReflectionSocketFactory.java:140)
	at org.apache.commons.httpclient.protocol.SSLProtocolSocketFactory.createSocket(SSLProtocolSocketFactory.java:130)
	at org.apache.commons.httpclient.HttpConnection.open(HttpConnection.java:707)
	at org.apache.commons.httpclient.MultiThreadedHttpConnectionManager$HttpConnectionAdapter.open(MultiThreadedHttpConnectionManager.java:1361)
	at org.apache.commons.httpclient.HttpMethodDirector.executeWithRetry(HttpMethodDirector.java:387)
	at org.apache.commons.httpclient.HttpMethodDirector.executeMethod(HttpMethodDirector.java:171)
	at org.apache.commons.httpclient.HttpClient.executeMethod(HttpClient.java:397)
	at org.apache.axis2.transport.http.AbstractHTTPSender.executeMethod(AbstractHTTPSender.java:621)
	at org.apache.axis2.transport.http.HTTPSender.sendViaPost(HTTPSender.java:193)
	... 14 more

